<?xml version="1.0" encoding="UTF-8" ?>
<testsuite failures="0" time="0.269" errors="0" skipped="0" tests="3" name="com.cilagan.account.UserServiceTest">
  <properties>
    <property name="java.runtime.name" value="Java(TM) SE Runtime Environment"/>
    <property name="sun.boot.library.path" value="/System/Library/Java/JavaVirtualMachines/1.6.0.jdk/Contents/Libraries"/>
    <property name="java.vm.version" value="20.12-b01-434"/>
    <property name="awt.nativeDoubleBuffering" value="true"/>
    <property name="gopherProxySet" value="false"/>
    <property name="mrj.build" value="11M3909"/>
    <property name="java.vm.vendor" value="Apple Inc."/>
    <property name="java.vendor.url" value="http://www.apple.com/"/>
    <property name="path.separator" value=":"/>
    <property name="java.vm.name" value="Java HotSpot(TM) 64-Bit Server VM"/>
    <property name="file.encoding.pkg" value="sun.io"/>
    <property name="user.country" value="US"/>
    <property name="sun.java.launcher" value="SUN_STANDARD"/>
    <property name="sun.os.patch.level" value="unknown"/>
    <property name="java.vm.specification.name" value="Java Virtual Machine Specification"/>
    <property name="user.dir" value="/Users/Carlo/Documents/devl-projects/stock-prototype"/>
    <property name="java.runtime.version" value="1.6.0_37-b06-434-11M3909"/>
    <property name="java.awt.graphicsenv" value="apple.awt.CGraphicsEnvironment"/>
    <property name="basedir" value="/Users/Carlo/Documents/devl-projects/stock-prototype"/>
    <property name="java.endorsed.dirs" value="/System/Library/Java/JavaVirtualMachines/1.6.0.jdk/Contents/Home/lib/endorsed"/>
    <property name="os.arch" value="x86_64"/>
    <property name="surefire.real.class.path" value="/Users/Carlo/Documents/devl-projects/stock-prototype/target/surefire/surefirebooter1161893414827683270.jar"/>
    <property name="java.io.tmpdir" value="/var/folders/wj/c_6mrjv13nz38jf67g0nhwfh0000gn/T/"/>
    <property name="line.separator" value="
"/>
    <property name="java.vm.specification.vendor" value="Sun Microsystems Inc."/>
    <property name="os.name" value="Mac OS X"/>
    <property name="sun.jnu.encoding" value="MacRoman"/>
    <property name="java.library.path" value=".:/Library/Java/Extensions:/System/Library/Java/Extensions:/usr/lib/java"/>
    <property name="surefire.test.class.path" value="/Users/Carlo/Documents/devl-projects/stock-prototype/target/test-classes:/Users/Carlo/Documents/devl-projects/stock-prototype/target/classes:/Users/Carlo/.m2/repository/org/springframework/spring-context/3.2.3.RELEASE/spring-context-3.2.3.RELEASE.jar:/Users/Carlo/.m2/repository/org/springframework/spring-aop/3.2.3.RELEASE/spring-aop-3.2.3.RELEASE.jar:/Users/Carlo/.m2/repository/org/springframework/spring-beans/3.2.3.RELEASE/spring-beans-3.2.3.RELEASE.jar:/Users/Carlo/.m2/repository/org/springframework/spring-core/3.2.3.RELEASE/spring-core-3.2.3.RELEASE.jar:/Users/Carlo/.m2/repository/org/springframework/spring-expression/3.2.3.RELEASE/spring-expression-3.2.3.RELEASE.jar:/Users/Carlo/.m2/repository/org/springframework/spring-webmvc/3.2.3.RELEASE/spring-webmvc-3.2.3.RELEASE.jar:/Users/Carlo/.m2/repository/org/springframework/spring-web/3.2.3.RELEASE/spring-web-3.2.3.RELEASE.jar:/Users/Carlo/.m2/repository/org/springframework/security/spring-security-config/3.1.4.RELEASE/spring-security-config-3.1.4.RELEASE.jar:/Users/Carlo/.m2/repository/org/springframework/security/spring-security-core/3.1.4.RELEASE/spring-security-core-3.1.4.RELEASE.jar:/Users/Carlo/.m2/repository/aopalliance/aopalliance/1.0/aopalliance-1.0.jar:/Users/Carlo/.m2/repository/org/springframework/security/spring-security-web/3.1.4.RELEASE/spring-security-web-3.1.4.RELEASE.jar:/Users/Carlo/.m2/repository/org/springframework/security/spring-security-taglibs/3.1.4.RELEASE/spring-security-taglibs-3.1.4.RELEASE.jar:/Users/Carlo/.m2/repository/org/springframework/security/spring-security-acl/3.1.4.RELEASE/spring-security-acl-3.1.4.RELEASE.jar:/Users/Carlo/.m2/repository/org/springframework/spring-jdbc/3.2.3.RELEASE/spring-jdbc-3.2.3.RELEASE.jar:/Users/Carlo/.m2/repository/org/springframework/spring-tx/3.2.3.RELEASE/spring-tx-3.2.3.RELEASE.jar:/Users/Carlo/.m2/repository/org/springframework/spring-orm/3.2.3.RELEASE/spring-orm-3.2.3.RELEASE.jar:/Users/Carlo/.m2/repository/org/hibernate/hibernate-entitymanager/4.2.3.Final/hibernate-entitymanager-4.2.3.Final.jar:/Users/Carlo/.m2/repository/org/jboss/logging/jboss-logging/3.1.0.GA/jboss-logging-3.1.0.GA.jar:/Users/Carlo/.m2/repository/dom4j/dom4j/1.6.1/dom4j-1.6.1.jar:/Users/Carlo/.m2/repository/org/jboss/spec/javax/transaction/jboss-transaction-api_1.1_spec/1.0.1.Final/jboss-transaction-api_1.1_spec-1.0.1.Final.jar:/Users/Carlo/.m2/repository/org/hibernate/javax/persistence/hibernate-jpa-2.0-api/1.0.1.Final/hibernate-jpa-2.0-api-1.0.1.Final.jar:/Users/Carlo/.m2/repository/org/hibernate/common/hibernate-commons-annotations/4.0.2.Final/hibernate-commons-annotations-4.0.2.Final.jar:/Users/Carlo/.m2/repository/org/javassist/javassist/3.15.0-GA/javassist-3.15.0-GA.jar:/Users/Carlo/.m2/repository/org/hibernate/hibernate-core/4.2.3.Final/hibernate-core-4.2.3.Final.jar:/Users/Carlo/.m2/repository/antlr/antlr/2.7.7/antlr-2.7.7.jar:/Users/Carlo/.m2/repository/org/hsqldb/hsqldb/2.3.0/hsqldb-2.3.0.jar:/Users/Carlo/.m2/repository/org/springframework/data/spring-data-jpa/1.2.0.RELEASE/spring-data-jpa-1.2.0.RELEASE.jar:/Users/Carlo/.m2/repository/org/springframework/data/spring-data-commons-core/1.4.0.RELEASE/spring-data-commons-core-1.4.0.RELEASE.jar:/Users/Carlo/.m2/repository/javax/validation/validation-api/1.0.0.GA/validation-api-1.0.0.GA.jar:/Users/Carlo/.m2/repository/org/hibernate/hibernate-validator/4.3.0.Final/hibernate-validator-4.3.0.Final.jar:/Users/Carlo/.m2/repository/org/apache/tiles/tiles-jsp/3.0.1/tiles-jsp-3.0.1.jar:/Users/Carlo/.m2/repository/org/apache/tiles/tiles-servlet/3.0.1/tiles-servlet-3.0.1.jar:/Users/Carlo/.m2/repository/org/apache/tiles/tiles-core/3.0.1/tiles-core-3.0.1.jar:/Users/Carlo/.m2/repository/commons-digester/commons-digester/2.0/commons-digester-2.0.jar:/Users/Carlo/.m2/repository/commons-beanutils/commons-beanutils/1.8.0/commons-beanutils-1.8.0.jar:/Users/Carlo/.m2/repository/org/apache/tiles/tiles-request-servlet/1.0.1/tiles-request-servlet-1.0.1.jar:/Users/Carlo/.m2/repository/org/apache/tiles/tiles-template/3.0.1/tiles-template-3.0.1.jar:/Users/Carlo/.m2/repository/org/apache/tiles/tiles-api/3.0.1/tiles-api-3.0.1.jar:/Users/Carlo/.m2/repository/org/apache/tiles/tiles-autotag-core-runtime/1.1.0/tiles-autotag-core-runtime-1.1.0.jar:/Users/Carlo/.m2/repository/org/apache/tiles/tiles-request-jsp/1.0.1/tiles-request-jsp-1.0.1.jar:/Users/Carlo/.m2/repository/org/apache/tiles/tiles-request-api/1.0.1/tiles-request-api-1.0.1.jar:/Users/Carlo/.m2/repository/org/aspectj/aspectjrt/1.7.3/aspectjrt-1.7.3.jar:/Users/Carlo/.m2/repository/org/slf4j/slf4j-api/1.7.5/slf4j-api-1.7.5.jar:/Users/Carlo/.m2/repository/org/slf4j/jcl-over-slf4j/1.7.5/jcl-over-slf4j-1.7.5.jar:/Users/Carlo/.m2/repository/ch/qos/logback/logback-classic/1.0.13/logback-classic-1.0.13.jar:/Users/Carlo/.m2/repository/ch/qos/logback/logback-core/1.0.13/logback-core-1.0.13.jar:/Users/Carlo/.m2/repository/javax/inject/javax.inject/1/javax.inject-1.jar:/Users/Carlo/.m2/repository/org/apache/geronimo/specs/geronimo-servlet_3.0_spec/1.0/geronimo-servlet_3.0_spec-1.0.jar:/Users/Carlo/.m2/repository/javax/servlet/jsp/jsp-api/2.1/jsp-api-2.1.jar:/Users/Carlo/.m2/repository/javax/servlet/jstl/1.2/jstl-1.2.jar:/Users/Carlo/.m2/repository/org/codehaus/jackson/jackson-mapper-asl/1.9.9/jackson-mapper-asl-1.9.9.jar:/Users/Carlo/.m2/repository/org/codehaus/jackson/jackson-core-asl/1.9.9/jackson-core-asl-1.9.9.jar:/Users/Carlo/.m2/repository/com/google/guava/guava/14.0.1/guava-14.0.1.jar:/Users/Carlo/.m2/repository/junit/junit/4.11/junit-4.11.jar:/Users/Carlo/.m2/repository/org/mockito/mockito-core/1.9.5/mockito-core-1.9.5.jar:/Users/Carlo/.m2/repository/org/easytesting/fest-assert/1.4/fest-assert-1.4.jar:/Users/Carlo/.m2/repository/org/easytesting/fest-util/1.1.6/fest-util-1.1.6.jar:/Users/Carlo/.m2/repository/org/hamcrest/hamcrest-core/1.3/hamcrest-core-1.3.jar:/Users/Carlo/.m2/repository/org/hamcrest/hamcrest-library/1.3/hamcrest-library-1.3.jar:/Users/Carlo/.m2/repository/org/objenesis/objenesis/1.3/objenesis-1.3.jar:/Users/Carlo/.m2/repository/org/springframework/spring-test/3.2.3.RELEASE/spring-test-3.2.3.RELEASE.jar:"/>
    <property name="java.specification.name" value="Java Platform API Specification"/>
    <property name="java.class.version" value="50.0"/>
    <property name="sun.management.compiler" value="HotSpot 64-Bit Tiered Compilers"/>
    <property name="os.version" value="10.7.5"/>
    <property name="http.nonProxyHosts" value="local|*.local|169.254/16|*.169.254/16"/>
    <property name="user.home" value="/Users/Carlo"/>
    <property name="user.timezone" value=""/>
    <property name="java.awt.printerjob" value="apple.awt.CPrinterJob"/>
    <property name="java.specification.version" value="1.6"/>
    <property name="file.encoding" value="MacRoman"/>
    <property name="user.name" value="Carlo"/>
    <property name="java.class.path" value="/Users/Carlo/Documents/devl-projects/stock-prototype/target/test-classes:/Users/Carlo/Documents/devl-projects/stock-prototype/target/classes:/Users/Carlo/.m2/repository/org/springframework/spring-context/3.2.3.RELEASE/spring-context-3.2.3.RELEASE.jar:/Users/Carlo/.m2/repository/org/springframework/spring-aop/3.2.3.RELEASE/spring-aop-3.2.3.RELEASE.jar:/Users/Carlo/.m2/repository/org/springframework/spring-beans/3.2.3.RELEASE/spring-beans-3.2.3.RELEASE.jar:/Users/Carlo/.m2/repository/org/springframework/spring-core/3.2.3.RELEASE/spring-core-3.2.3.RELEASE.jar:/Users/Carlo/.m2/repository/org/springframework/spring-expression/3.2.3.RELEASE/spring-expression-3.2.3.RELEASE.jar:/Users/Carlo/.m2/repository/org/springframework/spring-webmvc/3.2.3.RELEASE/spring-webmvc-3.2.3.RELEASE.jar:/Users/Carlo/.m2/repository/org/springframework/spring-web/3.2.3.RELEASE/spring-web-3.2.3.RELEASE.jar:/Users/Carlo/.m2/repository/org/springframework/security/spring-security-config/3.1.4.RELEASE/spring-security-config-3.1.4.RELEASE.jar:/Users/Carlo/.m2/repository/org/springframework/security/spring-security-core/3.1.4.RELEASE/spring-security-core-3.1.4.RELEASE.jar:/Users/Carlo/.m2/repository/aopalliance/aopalliance/1.0/aopalliance-1.0.jar:/Users/Carlo/.m2/repository/org/springframework/security/spring-security-web/3.1.4.RELEASE/spring-security-web-3.1.4.RELEASE.jar:/Users/Carlo/.m2/repository/org/springframework/security/spring-security-taglibs/3.1.4.RELEASE/spring-security-taglibs-3.1.4.RELEASE.jar:/Users/Carlo/.m2/repository/org/springframework/security/spring-security-acl/3.1.4.RELEASE/spring-security-acl-3.1.4.RELEASE.jar:/Users/Carlo/.m2/repository/org/springframework/spring-jdbc/3.2.3.RELEASE/spring-jdbc-3.2.3.RELEASE.jar:/Users/Carlo/.m2/repository/org/springframework/spring-tx/3.2.3.RELEASE/spring-tx-3.2.3.RELEASE.jar:/Users/Carlo/.m2/repository/org/springframework/spring-orm/3.2.3.RELEASE/spring-orm-3.2.3.RELEASE.jar:/Users/Carlo/.m2/repository/org/hibernate/hibernate-entitymanager/4.2.3.Final/hibernate-entitymanager-4.2.3.Final.jar:/Users/Carlo/.m2/repository/org/jboss/logging/jboss-logging/3.1.0.GA/jboss-logging-3.1.0.GA.jar:/Users/Carlo/.m2/repository/dom4j/dom4j/1.6.1/dom4j-1.6.1.jar:/Users/Carlo/.m2/repository/org/jboss/spec/javax/transaction/jboss-transaction-api_1.1_spec/1.0.1.Final/jboss-transaction-api_1.1_spec-1.0.1.Final.jar:/Users/Carlo/.m2/repository/org/hibernate/javax/persistence/hibernate-jpa-2.0-api/1.0.1.Final/hibernate-jpa-2.0-api-1.0.1.Final.jar:/Users/Carlo/.m2/repository/org/hibernate/common/hibernate-commons-annotations/4.0.2.Final/hibernate-commons-annotations-4.0.2.Final.jar:/Users/Carlo/.m2/repository/org/javassist/javassist/3.15.0-GA/javassist-3.15.0-GA.jar:/Users/Carlo/.m2/repository/org/hibernate/hibernate-core/4.2.3.Final/hibernate-core-4.2.3.Final.jar:/Users/Carlo/.m2/repository/antlr/antlr/2.7.7/antlr-2.7.7.jar:/Users/Carlo/.m2/repository/org/hsqldb/hsqldb/2.3.0/hsqldb-2.3.0.jar:/Users/Carlo/.m2/repository/org/springframework/data/spring-data-jpa/1.2.0.RELEASE/spring-data-jpa-1.2.0.RELEASE.jar:/Users/Carlo/.m2/repository/org/springframework/data/spring-data-commons-core/1.4.0.RELEASE/spring-data-commons-core-1.4.0.RELEASE.jar:/Users/Carlo/.m2/repository/javax/validation/validation-api/1.0.0.GA/validation-api-1.0.0.GA.jar:/Users/Carlo/.m2/repository/org/hibernate/hibernate-validator/4.3.0.Final/hibernate-validator-4.3.0.Final.jar:/Users/Carlo/.m2/repository/org/apache/tiles/tiles-jsp/3.0.1/tiles-jsp-3.0.1.jar:/Users/Carlo/.m2/repository/org/apache/tiles/tiles-servlet/3.0.1/tiles-servlet-3.0.1.jar:/Users/Carlo/.m2/repository/org/apache/tiles/tiles-core/3.0.1/tiles-core-3.0.1.jar:/Users/Carlo/.m2/repository/commons-digester/commons-digester/2.0/commons-digester-2.0.jar:/Users/Carlo/.m2/repository/commons-beanutils/commons-beanutils/1.8.0/commons-beanutils-1.8.0.jar:/Users/Carlo/.m2/repository/org/apache/tiles/tiles-request-servlet/1.0.1/tiles-request-servlet-1.0.1.jar:/Users/Carlo/.m2/repository/org/apache/tiles/tiles-template/3.0.1/tiles-template-3.0.1.jar:/Users/Carlo/.m2/repository/org/apache/tiles/tiles-api/3.0.1/tiles-api-3.0.1.jar:/Users/Carlo/.m2/repository/org/apache/tiles/tiles-autotag-core-runtime/1.1.0/tiles-autotag-core-runtime-1.1.0.jar:/Users/Carlo/.m2/repository/org/apache/tiles/tiles-request-jsp/1.0.1/tiles-request-jsp-1.0.1.jar:/Users/Carlo/.m2/repository/org/apache/tiles/tiles-request-api/1.0.1/tiles-request-api-1.0.1.jar:/Users/Carlo/.m2/repository/org/aspectj/aspectjrt/1.7.3/aspectjrt-1.7.3.jar:/Users/Carlo/.m2/repository/org/slf4j/slf4j-api/1.7.5/slf4j-api-1.7.5.jar:/Users/Carlo/.m2/repository/org/slf4j/jcl-over-slf4j/1.7.5/jcl-over-slf4j-1.7.5.jar:/Users/Carlo/.m2/repository/ch/qos/logback/logback-classic/1.0.13/logback-classic-1.0.13.jar:/Users/Carlo/.m2/repository/ch/qos/logback/logback-core/1.0.13/logback-core-1.0.13.jar:/Users/Carlo/.m2/repository/javax/inject/javax.inject/1/javax.inject-1.jar:/Users/Carlo/.m2/repository/org/apache/geronimo/specs/geronimo-servlet_3.0_spec/1.0/geronimo-servlet_3.0_spec-1.0.jar:/Users/Carlo/.m2/repository/javax/servlet/jsp/jsp-api/2.1/jsp-api-2.1.jar:/Users/Carlo/.m2/repository/javax/servlet/jstl/1.2/jstl-1.2.jar:/Users/Carlo/.m2/repository/org/codehaus/jackson/jackson-mapper-asl/1.9.9/jackson-mapper-asl-1.9.9.jar:/Users/Carlo/.m2/repository/org/codehaus/jackson/jackson-core-asl/1.9.9/jackson-core-asl-1.9.9.jar:/Users/Carlo/.m2/repository/com/google/guava/guava/14.0.1/guava-14.0.1.jar:/Users/Carlo/.m2/repository/junit/junit/4.11/junit-4.11.jar:/Users/Carlo/.m2/repository/org/mockito/mockito-core/1.9.5/mockito-core-1.9.5.jar:/Users/Carlo/.m2/repository/org/easytesting/fest-assert/1.4/fest-assert-1.4.jar:/Users/Carlo/.m2/repository/org/easytesting/fest-util/1.1.6/fest-util-1.1.6.jar:/Users/Carlo/.m2/repository/org/hamcrest/hamcrest-core/1.3/hamcrest-core-1.3.jar:/Users/Carlo/.m2/repository/org/hamcrest/hamcrest-library/1.3/hamcrest-library-1.3.jar:/Users/Carlo/.m2/repository/org/objenesis/objenesis/1.3/objenesis-1.3.jar:/Users/Carlo/.m2/repository/org/springframework/spring-test/3.2.3.RELEASE/spring-test-3.2.3.RELEASE.jar:"/>
    <property name="java.vm.specification.version" value="1.0"/>
    <property name="sun.arch.data.model" value="64"/>
    <property name="java.home" value="/System/Library/Java/JavaVirtualMachines/1.6.0.jdk/Contents/Home"/>
    <property name="sun.java.command" value="/Users/Carlo/Documents/devl-projects/stock-prototype/target/surefire/surefirebooter1161893414827683270.jar /Users/Carlo/Documents/devl-projects/stock-prototype/target/surefire/surefire899585054111452237tmp /Users/Carlo/Documents/devl-projects/stock-prototype/target/surefire/surefire3829966000109160326tmp"/>
    <property name="java.specification.vendor" value="Sun Microsystems Inc."/>
    <property name="user.language" value="en"/>
    <property name="awt.toolkit" value="apple.awt.CToolkit"/>
    <property name="java.vm.info" value="mixed mode"/>
    <property name="java.version" value="1.6.0_37"/>
    <property name="java.ext.dirs" value="/Library/Java/Extensions:/System/Library/Java/Extensions:/System/Library/Java/JavaVirtualMachines/1.6.0.jdk/Contents/Home/lib/ext"/>
    <property name="sun.boot.class.path" value="/System/Library/Java/JavaVirtualMachines/1.6.0.jdk/Contents/Classes/jsfd.jar:/System/Library/Java/JavaVirtualMachines/1.6.0.jdk/Contents/Classes/classes.jar:/System/Library/Frameworks/JavaVM.framework/Frameworks/JavaRuntimeSupport.framework/Resources/Java/JavaRuntimeSupport.jar:/System/Library/Java/JavaVirtualMachines/1.6.0.jdk/Contents/Classes/ui.jar:/System/Library/Java/JavaVirtualMachines/1.6.0.jdk/Contents/Classes/laf.jar:/System/Library/Java/JavaVirtualMachines/1.6.0.jdk/Contents/Classes/sunrsasign.jar:/System/Library/Java/JavaVirtualMachines/1.6.0.jdk/Contents/Classes/jsse.jar:/System/Library/Java/JavaVirtualMachines/1.6.0.jdk/Contents/Classes/jce.jar:/System/Library/Java/JavaVirtualMachines/1.6.0.jdk/Contents/Classes/charsets.jar"/>
    <property name="java.vendor" value="Apple Inc."/>
    <property name="localRepository" value="/Users/Carlo/.m2/repository"/>
    <property name="file.separator" value="/"/>
    <property name="java.vendor.url.bug" value="http://bugreport.apple.com/"/>
    <property name="sun.cpu.endian" value="little"/>
    <property name="sun.io.unicode.encoding" value="UnicodeLittle"/>
    <property name="mrj.version" value="1070.1.6.0_37-434"/>
    <property name="socksNonProxyHosts" value="local|*.local|169.254/16|*.169.254/16"/>
    <property name="ftp.nonProxyHosts" value="local|*.local|169.254/16|*.169.254/16"/>
    <property name="sun.cpu.isalist" value=""/>
  </properties>
  <testcase time="0.018" classname="com.cilagan.account.UserServiceTest" name="shouldInitializeWithTwoDemoUsers"/>
  <testcase time="0.011" classname="com.cilagan.account.UserServiceTest" name="shouldThrowExceptionWhenUserNotFound"/>
  <testcase time="0.01" classname="com.cilagan.account.UserServiceTest" name="shouldReturnUserDetails"/>
</testsuite>